<?xml version="1.0" encoding="UTF-8"?>
<testng-results skipped="0" failed="0" ignored="0" total="1" passed="1">
  <reporter-output>
  </reporter-output>
  <suite name="Default suite" duration-ms="37" started-at="2018-05-28T12:17:14Z" finished-at="2018-05-28T12:17:14Z">
    <groups>
    </groups>
    <test name="Default test" duration-ms="37" started-at="2018-05-28T12:17:14Z" finished-at="2018-05-28T12:17:14Z">
      <class name="src.Get_connection">
        <test-method status="PASS" signature="TestVerifyDB()[pri:0, instance:src.Get_connection@675d3402]" name="TestVerifyDB" duration-ms="13" started-at="2018-05-28T17:47:14Z" finished-at="2018-05-28T17:47:14Z">
          <reporter-output>
          </reporter-output>
        </test-method> <!-- TestVerifyDB -->
      </class> <!-- src.Get_connection -->
    </test> <!-- Default test -->
  </suite> <!-- Default suite -->
</testng-results>
